2025-08-28 09:54:22 - # ============================= #
2025-08-28 09:54:22 - # === STARTING APPLICATION ==== #
2025-08-28 09:54:22 - # ============================= #
2025-08-28 09:54:22 - 
2025-08-28 09:54:22 - PARENT_PYTHON_HOME : /opt/python/3.11.11
2025-08-28 09:54:22 - PARENT_PYTHON_EXE : python3
2025-08-28 09:54:22 - VENV_PYTHON_DIR : /home/cyben71/EssencePy/rt
2025-08-28 09:54:22 - VENV_PYTHON_EXE : python3
2025-08-28 09:54:22 - 
2025-08-28 09:54:22 - --------------------------------
2025-08-28 09:54:22 - --- Executing Python program ---
2025-08-28 09:54:22 - --------------------------------
2025-08-28 09:54:22 - 
2025-08-28 09:54:22 - 🟢  Virtual environment found. Using : /home/cyben71/EssencePy/rt/bin/python3
2025-08-28 09:54:22 - 
2025-08-28 09:54:22 - Launching : notebook.py
2025-08-28 09:54:22 - ✅  Success : notebook.py
2025-08-28 09:54:22 - 
2025-08-28 09:54:22 - # === END OF PROCESS === #
2025-08-28 09:54:22 - 
